<?xml version="1.0" encoding="UTF-8"?>
<!-- Generated by org.testng.reporters.JUnitReportReporter -->
<testsuite hostname="LAPTOP-P3PP6HUN" failures="0" tests="1" name="com.SauceDemo.TestCases.TC_CheckOutTest_005" time="15.609" errors="0" timestamp="2020-10-10T18:51:32 IST" skipped="0">
  <testcase classname="com.SauceDemo.TestCases.TC_CheckOutTest_005" name="checkout" time="15.609"/>
  <system-out/>
</testsuite> <!-- com.SauceDemo.TestCases.TC_CheckOutTest_005 -->
