<?xml version="1.0" encoding="UTF-8"?>
<!-- Generated by org.testng.reporters.JUnitReportReporter -->
<testsuite hostname="LAPTOP-P3PP6HUN" failures="0" tests="1" name="com.SauceDemo.TestCases.TC_LoginTest_001" time="18.616" errors="0" timestamp="2020-10-08T17:03:57 IST" skipped="0">
  <testcase classname="com.SauceDemo.TestCases.TC_LoginTest_001" name="LoginTest" time="18.616"/>
  <system-out/>
</testsuite> <!-- com.SauceDemo.TestCases.TC_LoginTest_001 -->
