<?xml version="1.0" encoding="UTF-8"?>
<!-- Generated by org.testng.reporters.JUnitReportReporter -->
<testsuite hostname="LAPTOP-P3PP6HUN" failures="0" tests="1" name="com.SauceDemo.TestCases.TC_Cancel_007" time="5.753" errors="0" timestamp="2020-10-12T20:26:44 IST" skipped="0">
  <testcase classname="com.SauceDemo.TestCases.TC_Cancel_007" name="click_to_cancel" time="5.753"/>
  <system-out/>
</testsuite> <!-- com.SauceDemo.TestCases.TC_Cancel_007 -->
