<?xml version="1.0" encoding="UTF-8"?>
<!-- Generated by org.testng.reporters.JUnitReportReporter -->
<testsuite hostname="LAPTOP-P3PP6HUN" failures="0" tests="1" name="com.SauceDemo.TestCases.TC_FilterProductTest_003" time="9.367" errors="0" timestamp="2020-10-10T17:29:38 IST" skipped="0">
  <testcase classname="com.SauceDemo.TestCases.TC_FilterProductTest_003" name="productfiltering" time="9.367"/>
  <system-out/>
</testsuite> <!-- com.SauceDemo.TestCases.TC_FilterProductTest_003 -->
