<?xml version="1.0" encoding="UTF-8"?>
<!-- Generated by org.testng.reporters.JUnitReportReporter -->
<testsuite hostname="LAPTOP-P3PP6HUN" failures="0" tests="1" name="com.SauceDemo.TestCases.TC_AddToCartTest_004" time="6.481" errors="0" timestamp="2020-10-10T17:31:34 IST" skipped="0">
  <testcase classname="com.SauceDemo.TestCases.TC_AddToCartTest_004" name="Addingtocart" time="6.481"/>
  <system-out/>
</testsuite> <!-- com.SauceDemo.TestCases.TC_AddToCartTest_004 -->
