<?xml version="1.0" encoding="UTF-8"?>
<!-- Generated by org.testng.reporters.JUnitReportReporter -->
<testsuite hostname="LAPTOP-P3PP6HUN" failures="0" tests="1" name="com.SauceDemo.TestCases.TC_LoginTest_001" time="7.829" errors="0" timestamp="2020-10-11T22:21:45 IST" skipped="0">
  <testcase classname="com.SauceDemo.TestCases.TC_LoginTest_001" name="LoginTest" time="7.829"/>
  <system-out/>
</testsuite> <!-- com.SauceDemo.TestCases.TC_LoginTest_001 -->
