<?xml version="1.0" encoding="UTF-8"?>
<!-- Generated by org.testng.reporters.JUnitReportReporter -->
<testsuite hostname="LAPTOP-P3PP6HUN" failures="0" tests="1" name="com.SauceDemo.TestCases.TC_CheckOutTest_005" time="5.472" errors="0" timestamp="2020-10-11T23:06:30 IST" skipped="0">
  <testcase classname="com.SauceDemo.TestCases.TC_CheckOutTest_005" name="checkout" time="5.472"/>
  <system-out/>
</testsuite> <!-- com.SauceDemo.TestCases.TC_CheckOutTest_005 -->
